34687742 reads; of these:
  34687742 (100.00%) were paired; of these:
    1413155 (4.07%) aligned concordantly 0 times
    31346168 (90.37%) aligned concordantly exactly 1 time
    1928419 (5.56%) aligned concordantly >1 times
    ----
    1413155 pairs aligned concordantly 0 times; of these:
      47057 (3.33%) aligned discordantly 1 time
    ----
    1366098 pairs aligned 0 times concordantly or discordantly; of these:
      2732196 mates make up the pairs; of these:
        1493553 (54.66%) aligned 0 times
        1138994 (41.69%) aligned exactly 1 time
        99649 (3.65%) aligned >1 times
97.85% overall alignment rate
34391514 reads; of these:
  34391514 (100.00%) were paired; of these:
    1435457 (4.17%) aligned concordantly 0 times
    31142029 (90.55%) aligned concordantly exactly 1 time
    1814028 (5.27%) aligned concordantly >1 times
    ----
    1435457 pairs aligned concordantly 0 times; of these:
      49561 (3.45%) aligned discordantly 1 time
    ----
    1385896 pairs aligned 0 times concordantly or discordantly; of these:
      2771792 mates make up the pairs; of these:
        1518197 (54.77%) aligned 0 times
        1151184 (41.53%) aligned exactly 1 time
        102411 (3.69%) aligned >1 times
97.79% overall alignment rate
32059284 reads; of these:
  32059284 (100.00%) were paired; of these:
    1367373 (4.27%) aligned concordantly 0 times
    29005112 (90.47%) aligned concordantly exactly 1 time
    1686799 (5.26%) aligned concordantly >1 times
    ----
    1367373 pairs aligned concordantly 0 times; of these:
      48799 (3.57%) aligned discordantly 1 time
    ----
    1318574 pairs aligned 0 times concordantly or discordantly; of these:
      2637148 mates make up the pairs; of these:
        1445487 (54.81%) aligned 0 times
        1089116 (41.30%) aligned exactly 1 time
        102545 (3.89%) aligned >1 times
97.75% overall alignment rate
32840352 reads; of these:
  32840352 (100.00%) were paired; of these:
    1324786 (4.03%) aligned concordantly 0 times
    29643444 (90.27%) aligned concordantly exactly 1 time
    1872122 (5.70%) aligned concordantly >1 times
    ----
    1324786 pairs aligned concordantly 0 times; of these:
      38665 (2.92%) aligned discordantly 1 time
    ----
    1286121 pairs aligned 0 times concordantly or discordantly; of these:
      2572242 mates make up the pairs; of these:
        1396740 (54.30%) aligned 0 times
        1062941 (41.32%) aligned exactly 1 time
        112561 (4.38%) aligned >1 times
97.87% overall alignment rate
32894526 reads; of these:
  32894526 (100.00%) were paired; of these:
    1300909 (3.95%) aligned concordantly 0 times
    29581807 (89.93%) aligned concordantly exactly 1 time
    2011810 (6.12%) aligned concordantly >1 times
    ----
    1300909 pairs aligned concordantly 0 times; of these:
      36087 (2.77%) aligned discordantly 1 time
    ----
    1264822 pairs aligned 0 times concordantly or discordantly; of these:
      2529644 mates make up the pairs; of these:
        1376322 (54.41%) aligned 0 times
        1035126 (40.92%) aligned exactly 1 time
        118196 (4.67%) aligned >1 times
97.91% overall alignment rate
33414876 reads; of these:
  33414876 (100.00%) were paired; of these:
    1251970 (3.75%) aligned concordantly 0 times
    30231234 (90.47%) aligned concordantly exactly 1 time
    1931672 (5.78%) aligned concordantly >1 times
    ----
    1251970 pairs aligned concordantly 0 times; of these:
      38219 (3.05%) aligned discordantly 1 time
    ----
    1213751 pairs aligned 0 times concordantly or discordantly; of these:
      2427502 mates make up the pairs; of these:
        1335411 (55.01%) aligned 0 times
        990751 (40.81%) aligned exactly 1 time
        101340 (4.17%) aligned >1 times
98.00% overall alignment rate
